<?xml version="1.0" encoding="UTF-8"?>
<!-- Generated by org.testng.reporters.JUnitXMLReporter -->
<testsuite hostname="Admin-PC" name="Surefire test" tests="1" failures="1" timestamp="8 Sep 2015 10:51:42 GMT" time="0.02" errors="0">
  <testcase name="testMethod" time="0.003" classname="com.lohika.atf.tests.FirstTest">
    <failure type="java.lang.ExceptionInInitializerError">
      <![CDATA[java.lang.ExceptionInInitializerError
	at com.lohika.atf.tests.FirstTest.testMethod(FirstTest.java:13)
Caused by: java.lang.NullPointerException
	at com.lohika.atf.core.web.WebPage.<clinit>(WebPage.java:15)
	... 29 more
... Removed 28 stack frames]]>
    </failure>
  </testcase> <!-- testMethod -->
</testsuite> <!-- Surefire test -->
