<?xml version="1.0" encoding="UTF-8"?>
<testsuite name="com.lohika.atf.tests.FirstTest" time="0.008" tests="1" errors="0" skipped="0" failures="1">
  <properties>
[...]
</properties>
  <testcase name="testMethod" classname="com.lohika.atf.tests.FirstTest" time="0.008">
    <failure type="java.lang.ExceptionInInitializerError:"><![CDATA[java.lang.ExceptionInInitializerError: null
	at com.lohika.atf.core.web.WebPage.<clinit>(WebPage.java:15)
	at com.lohika.atf.tests.FirstTest.testMethod(FirstTest.java:13)
]]></failure>
    <system-out><![CDATA[Configuring TestNG with: TestNG652Configurator
]]></system-out>
    <system-err><![CDATA[Starting ChromeDriver 2.18.343845 (73dd713ba7fbfb73cbb514e62641d8c96a94682a) on port 7240
Only local connections are allowed.
]]></system-err>
  </testcase>
</testsuite>